2020-07-21 20:27:03,048 demo23_logger.py[line:22]INFOstart app...
2020-07-21 20:27:04,056 remote_connection.py[line:116]INFOCould not connect to port 4723 on host 127.0.0.1
2020-07-21 20:27:04,057 remote_connection.py[line:135]INFOCould not get IP address for host: 127.0.0.1
2020-07-21 20:27:06,068 connectionpool.py[line:749]WARNINGRetrying (Retry(total=2, connect=None, read=None, redirect=None, status=None)) after connection broken by 'NewConnectionError('<urllib3.connection.HTTPConnection object at 0x000002B16CA62430>: Failed to establish a new connection: [WinError 10061] 由于目标计算机积极拒绝，无法连接。')': /wd/hub/session
2020-07-21 20:27:08,074 connectionpool.py[line:749]WARNINGRetrying (Retry(total=1, connect=None, read=None, redirect=None, status=None)) after connection broken by 'NewConnectionError('<urllib3.connection.HTTPConnection object at 0x000002B16CA62580>: Failed to establish a new connection: [WinError 10061] 由于目标计算机积极拒绝，无法连接。')': /wd/hub/session
2020-07-21 20:27:10,081 connectionpool.py[line:749]WARNINGRetrying (Retry(total=0, connect=None, read=None, redirect=None, status=None)) after connection broken by 'NewConnectionError('<urllib3.connection.HTTPConnection object at 0x000002B16CA626D0>: Failed to establish a new connection: [WinError 10061] 由于目标计算机积极拒绝，无法连接。')': /wd/hub/session
2020-07-21 20:27:51,457 demo23_logger.py[line:22]INFOstart app...
2020-07-21 20:28:24,264 demo23_logger.py[line:26]INFO开始检查是否有取消
2020-07-21 20:28:25,421 demo23_logger.py[line:37]INFO开始检查是否有跳过
2020-07-21 21:11:16,210 demo27_qidongpeizhi.py[line:30] INFO 开始跑app
2020-07-21 21:17:10,513 demo27_qidongpeizhi.py[line:30] INFO 开始跑app
2020-07-21 21:17:31,061 demo29_gonggong.py[line:13] INFO ============开始检查取消按钮===============
2020-07-21 21:17:31,930 demo29_gonggong.py[line:20] INFO 点击取消
2020-07-21 21:17:32,007 demo29_gonggong.py[line:24] INFO ==========开始检查跳过按钮===========
2020-07-21 21:17:32,850 demo29_gonggong.py[line:30] INFO 点击跳过
2020-07-21 21:21:13,639 demo27_qidongpeizhi.py[line:30] INFO 开始跑app
2020-07-21 21:21:33,238 demo29_gonggong.py[line:13] INFO ============开始检查取消按钮===============
2020-07-21 21:21:33,903 demo29_gonggong.py[line:20] INFO 点击取消
2020-07-21 21:21:33,958 demo29_gonggong.py[line:24] INFO ==========开始检查跳过按钮===========
2020-07-21 21:21:34,128 demo29_gonggong.py[line:30] INFO 点击跳过
2020-07-21 21:21:34,694 demo30_fzhdenglu.py[line:17] INFO ===============登录===============
2020-07-21 21:21:34,699 demo30_fzhdenglu.py[line:18] INFO 输入用户名:小可爱trr
2020-07-21 21:21:36,780 demo30_fzhdenglu.py[line:21] INFO 输入密码:trr123456
2020-07-21 21:21:37,335 demo30_fzhdenglu.py[line:24] INFO 点击登录按钮.
2020-07-21 21:21:37,886 demo30_fzhdenglu.py[line:26] INFO 登录完成 
2020-07-21 21:35:46,718 demo31_unit.py[line:9] INFO ======开始setUp=========
2020-07-21 21:35:46,730 demo27_qidongpeizhi.py[line:30] INFO 开始跑app
2020-07-21 21:36:16,551 test_denglu.py[line:9] INFO =========开始登录cemaxueyuan01============
2020-07-21 21:36:16,552 demo29_gonggong.py[line:13] INFO ============开始检查取消按钮===============
2020-07-21 21:36:17,362 demo29_gonggong.py[line:20] INFO 点击取消
2020-07-21 21:36:18,290 demo29_gonggong.py[line:24] INFO ==========开始检查跳过按钮===========
2020-07-21 21:36:18,357 demo29_gonggong.py[line:30] INFO 点击跳过
2020-07-21 21:36:18,409 demo30_fzhdenglu.py[line:17] INFO ===============登录===============
2020-07-21 21:36:18,410 demo30_fzhdenglu.py[line:18] INFO 输入用户名:cemaxueyuan01
2020-07-21 21:36:20,609 demo30_fzhdenglu.py[line:21] INFO 输入密码:cema123456
2020-07-21 21:36:21,180 demo30_fzhdenglu.py[line:24] INFO 点击登录按钮.
2020-07-21 21:36:21,743 demo30_fzhdenglu.py[line:26] INFO 登录完成 
2020-07-21 21:36:21,744 demo31_unit.py[line:14] INFO ======结束tearDown=====
2020-07-21 21:36:28,496 demo31_unit.py[line:9] INFO ======开始setUp=========
2020-07-21 21:36:28,501 demo27_qidongpeizhi.py[line:30] INFO 开始跑app
2020-07-21 21:37:03,809 test_denglu.py[line:15] INFO ==========开始登录cemaxueyuan02========
2020-07-21 21:37:03,810 demo29_gonggong.py[line:13] INFO ============开始检查取消按钮===============
2020-07-21 21:37:04,304 demo29_gonggong.py[line:20] INFO 点击取消
2020-07-21 21:37:04,423 demo29_gonggong.py[line:24] INFO ==========开始检查跳过按钮===========
2020-07-21 21:37:05,356 demo29_gonggong.py[line:30] INFO 点击跳过
2020-07-21 21:37:05,396 demo30_fzhdenglu.py[line:17] INFO ===============登录===============
2020-07-21 21:37:05,397 demo30_fzhdenglu.py[line:18] INFO 输入用户名:cemaxueyuan02
2020-07-21 21:37:07,413 demo30_fzhdenglu.py[line:21] INFO 输入密码:cema123456
2020-07-21 21:37:07,997 demo30_fzhdenglu.py[line:24] INFO 点击登录按钮.
2020-07-21 21:37:08,567 demo30_fzhdenglu.py[line:26] INFO 登录完成 
2020-07-21 21:37:08,568 demo31_unit.py[line:14] INFO ======结束tearDown=====
2020-07-21 21:37:15,503 demo31_unit.py[line:9] INFO ======开始setUp=========
2020-07-21 21:37:15,507 demo27_qidongpeizhi.py[line:30] INFO 开始跑app
2020-07-21 21:37:55,267 test_denglu.py[line:21] INFO =======test_login_error=========
2020-07-21 21:37:55,268 demo29_gonggong.py[line:13] INFO ============开始检查取消按钮===============
2020-07-21 21:37:56,120 demo29_gonggong.py[line:20] INFO 点击取消
2020-07-21 21:37:56,301 demo29_gonggong.py[line:24] INFO ==========开始检查跳过按钮===========
2020-07-21 21:37:57,159 demo29_gonggong.py[line:30] INFO 点击跳过
2020-07-21 21:37:57,252 demo30_fzhdenglu.py[line:17] INFO ===============登录===============
2020-07-21 21:37:57,252 demo30_fzhdenglu.py[line:18] INFO 输入用户名:666
2020-07-21 21:38:00,371 demo30_fzhdenglu.py[line:21] INFO 输入密码:222
2020-07-21 21:38:00,972 demo30_fzhdenglu.py[line:24] INFO 点击登录按钮.
2020-07-21 21:38:01,506 demo30_fzhdenglu.py[line:26] INFO 登录完成 
2020-07-21 21:38:01,507 demo31_unit.py[line:14] INFO ======结束tearDown=====
2020-07-21 21:47:48,022 demo31_unit.py[line:9] INFO ======开始setUp=========
2020-07-21 21:47:48,027 demo27_qidongpeizhi.py[line:30] INFO 开始跑app
2020-07-21 21:48:29,770 test_denglu.py[line:9] INFO =========开始登录cemaxueyuan01============
2020-07-21 21:48:29,772 demo29_gonggong.py[line:13] INFO ============开始检查取消按钮===============
2020-07-21 21:48:30,362 demo29_gonggong.py[line:20] INFO 点击取消
2020-07-21 21:48:30,498 demo29_gonggong.py[line:24] INFO ==========开始检查跳过按钮===========
2020-07-21 21:48:31,313 demo29_gonggong.py[line:30] INFO 点击跳过
2020-07-21 21:48:31,381 demo30_fzhdenglu.py[line:17] INFO ===============登录===============
2020-07-21 21:48:31,383 demo30_fzhdenglu.py[line:18] INFO 输入用户名:cemaxueyuan01
2020-07-21 21:48:33,408 demo30_fzhdenglu.py[line:21] INFO 输入密码:cema123456
2020-07-21 21:48:33,976 demo30_fzhdenglu.py[line:24] INFO 点击登录按钮.
2020-07-21 21:48:34,541 demo30_fzhdenglu.py[line:26] INFO 登录完成 
2020-07-21 21:48:34,543 demo31_unit.py[line:14] INFO ======结束tearDown=====
2020-07-21 21:48:41,477 demo31_unit.py[line:9] INFO ======开始setUp=========
2020-07-21 21:48:41,488 demo27_qidongpeizhi.py[line:30] INFO 开始跑app
2020-07-21 21:49:10,351 test_denglu.py[line:15] INFO ==========开始登录cemaxueyuan02========
2020-07-21 21:49:10,373 demo29_gonggong.py[line:13] INFO ============开始检查取消按钮===============
2020-07-21 21:49:10,678 demo29_gonggong.py[line:20] INFO 点击取消
2020-07-21 21:49:10,787 demo29_gonggong.py[line:24] INFO ==========开始检查跳过按钮===========
2020-07-21 21:49:11,602 demo29_gonggong.py[line:30] INFO 点击跳过
2020-07-21 21:49:11,743 demo30_fzhdenglu.py[line:17] INFO ===============登录===============
2020-07-21 21:49:11,749 demo30_fzhdenglu.py[line:18] INFO 输入用户名:cemaxueyuan02
2020-07-21 21:49:13,628 demo30_fzhdenglu.py[line:21] INFO 输入密码:cema123456
2020-07-21 21:49:14,230 demo30_fzhdenglu.py[line:24] INFO 点击登录按钮.
2020-07-21 21:49:14,801 demo30_fzhdenglu.py[line:26] INFO 登录完成 
2020-07-21 21:49:14,804 demo31_unit.py[line:14] INFO ======结束tearDown=====
2020-07-21 21:49:22,271 demo31_unit.py[line:9] INFO ======开始setUp=========
2020-07-21 21:49:22,319 demo27_qidongpeizhi.py[line:30] INFO 开始跑app
2020-07-21 21:49:53,695 test_denglu.py[line:21] INFO =======test_login_error=========
2020-07-21 21:49:53,695 demo29_gonggong.py[line:13] INFO ============开始检查取消按钮===============
2020-07-21 21:49:54,147 demo29_gonggong.py[line:20] INFO 点击取消
2020-07-21 21:49:54,490 demo29_gonggong.py[line:24] INFO ==========开始检查跳过按钮===========
2020-07-21 21:49:55,187 demo29_gonggong.py[line:30] INFO 点击跳过
2020-07-21 21:49:55,333 demo30_fzhdenglu.py[line:17] INFO ===============登录===============
2020-07-21 21:49:55,352 demo30_fzhdenglu.py[line:18] INFO 输入用户名:666
2020-07-21 21:49:57,431 demo30_fzhdenglu.py[line:21] INFO 输入密码:222
2020-07-21 21:49:58,021 demo30_fzhdenglu.py[line:24] INFO 点击登录按钮.
2020-07-21 21:49:58,573 demo30_fzhdenglu.py[line:26] INFO 登录完成 
2020-07-21 21:49:58,576 demo31_unit.py[line:14] INFO ======结束tearDown=====
2020-07-21 21:57:14,630 demo31_unit.py[line:9] INFO ======开始setUp=========
2020-07-21 21:57:14,635 demo27_qidongpeizhi.py[line:30] INFO 开始跑app
2020-07-21 21:57:56,450 test_denglu.py[line:9] INFO =========开始登录cemaxueyuan01============
2020-07-21 21:57:56,451 demo29_gonggong.py[line:13] INFO ============开始检查取消按钮===============
2020-07-21 21:57:57,442 demo29_gonggong.py[line:20] INFO 点击取消
2020-07-21 21:57:57,608 demo29_gonggong.py[line:24] INFO ==========开始检查跳过按钮===========
2020-07-21 21:57:58,371 demo29_gonggong.py[line:30] INFO 点击跳过
2020-07-21 21:57:58,575 demo30_fzhdenglu.py[line:17] INFO ===============登录===============
2020-07-21 21:57:58,609 demo30_fzhdenglu.py[line:18] INFO 输入用户名:cemaxueyuan01
2020-07-21 21:58:00,879 demo30_fzhdenglu.py[line:21] INFO 输入密码:cema123456
2020-07-21 21:58:01,506 demo30_fzhdenglu.py[line:24] INFO 点击登录按钮.
2020-07-21 21:58:03,607 demo30_fzhdenglu.py[line:26] INFO 登录完成 
2020-07-21 21:58:03,609 demo31_unit.py[line:14] INFO ======结束tearDown=====
2020-07-21 21:58:15,917 demo31_unit.py[line:9] INFO ======开始setUp=========
2020-07-21 21:58:15,921 demo27_qidongpeizhi.py[line:30] INFO 开始跑app
2020-07-21 21:58:55,062 test_denglu.py[line:15] INFO ==========开始登录cemaxueyuan02========
2020-07-21 21:58:55,062 demo29_gonggong.py[line:13] INFO ============开始检查取消按钮===============
2020-07-21 21:58:55,841 demo29_gonggong.py[line:20] INFO 点击取消
2020-07-21 21:58:56,189 demo29_gonggong.py[line:24] INFO ==========开始检查跳过按钮===========
2020-07-21 21:58:57,054 demo29_gonggong.py[line:30] INFO 点击跳过
2020-07-21 21:58:57,187 demo30_fzhdenglu.py[line:17] INFO ===============登录===============
2020-07-21 21:58:57,188 demo30_fzhdenglu.py[line:18] INFO 输入用户名:cemaxueyuan02
2020-07-21 21:58:59,484 demo30_fzhdenglu.py[line:21] INFO 输入密码:cema123456
2020-07-21 21:59:00,071 demo30_fzhdenglu.py[line:24] INFO 点击登录按钮.
2020-07-21 21:59:00,629 demo30_fzhdenglu.py[line:26] INFO 登录完成 
2020-07-21 21:59:00,630 demo31_unit.py[line:14] INFO ======结束tearDown=====
2020-07-21 21:59:07,768 demo31_unit.py[line:9] INFO ======开始setUp=========
2020-07-21 21:59:07,817 demo27_qidongpeizhi.py[line:30] INFO 开始跑app
2020-07-21 21:59:45,611 test_denglu.py[line:21] INFO =======test_login_error=========
2020-07-21 21:59:45,635 demo29_gonggong.py[line:13] INFO ============开始检查取消按钮===============
2020-07-21 21:59:46,426 demo29_gonggong.py[line:20] INFO 点击取消
2020-07-21 21:59:46,594 demo29_gonggong.py[line:24] INFO ==========开始检查跳过按钮===========
2020-07-21 21:59:47,023 demo29_gonggong.py[line:30] INFO 点击跳过
2020-07-21 21:59:47,523 demo30_fzhdenglu.py[line:17] INFO ===============登录===============
2020-07-21 21:59:47,530 demo30_fzhdenglu.py[line:18] INFO 输入用户名:666
2020-07-21 21:59:49,785 demo30_fzhdenglu.py[line:21] INFO 输入密码:222
2020-07-21 21:59:50,377 demo30_fzhdenglu.py[line:24] INFO 点击登录按钮.
2020-07-21 21:59:50,989 demo30_fzhdenglu.py[line:26] INFO 登录完成 
2020-07-21 21:59:50,992 demo31_unit.py[line:14] INFO ======结束tearDown=====
